[01m[K/home/pi/CANOPS/src/my_main/src/ObjectDetNode.cpp:[m[K In member function â€˜[01m[Kvoid HumanDetector::image_callback(sensor_msgs::msg::Image_<std::allocator<void> >::SharedPtr)[m[Kâ€™:
[01m[K/home/pi/CANOPS/src/my_main/src/ObjectDetNode.cpp:43:43:[m[K [01;31m[Kerror: [m[Kexpected â€˜[01m[K;[m[Kâ€™ before â€˜[01m[K{[m[Kâ€™ token
   43 |                     if (confidence > 0.2)i[01;31m[K{[m[K
      |                                           [01;31m[K^[m[K
[01m[K/home/pi/CANOPS/src/my_main/src/ObjectDetNode.cpp:43:42:[m[K [01;35m[Kwarning: [m[Kstatement has no effect [[01;35m[K-Wunused-value[m[K]
   43 |                     if (confidence > 0.2)[01;35m[Ki[m[K{
      |                                          [01;35m[K^[m[K
gmake[2]: *** [CMakeFiles/object.dir/build.make:76: CMakeFiles/object.dir/src/ObjectDetNode.cpp.o] Error 1
gmake[1]: *** [CMakeFiles/Makefile2:165: CMakeFiles/object.dir/all] Error 2
gmake: *** [Makefile:146: all] Error 2
