[0.064s] Invoking command in '/home/pi/CANOPS/build/my_main': /usr/bin/cmake --build /home/pi/CANOPS/build/my_main -- -j4 -l4
[0.459s] [35m[1mConsolidate compiler generated dependencies of target object[0m
[0.460s] [35m[1mConsolidate compiler generated dependencies of target camera[0m
[0.572s] [ 75%] [32mBuilding CXX object CMakeFiles/object.dir/src/ObjectDetNode.cpp.o[0m
[0.572s] [ 75%] Built target camera
[16.244s] [01m[K/home/pi/CANOPS/src/my_main/src/ObjectDetNode.cpp:[m[K In member function â€˜[01m[Kvoid HumanDetector::image_callback(sensor_msgs::msg::Image_<std::allocator<void> >::SharedPtr)[m[Kâ€™:
[16.244s] [01m[K/home/pi/CANOPS/src/my_main/src/ObjectDetNode.cpp:43:43:[m[K [01;31m[Kerror: [m[Kexpected â€˜[01m[K;[m[Kâ€™ before â€˜[01m[K{[m[Kâ€™ token
[16.245s]    43 |                     if (confidence > 0.2)i[01;31m[K{[m[K
[16.245s]       |                                           [01;31m[K^[m[K
[16.245s] [01m[K/home/pi/CANOPS/src/my_main/src/ObjectDetNode.cpp:43:42:[m[K [01;35m[Kwarning: [m[Kstatement has no effect [[01;35m[K-Wunused-value[m[K]
[16.246s]    43 |                     if (confidence > 0.2)[01;35m[Ki[m[K{
[16.246s]       |                                          [01;35m[K^[m[K
[26.589s] gmake[2]: *** [CMakeFiles/object.dir/build.make:76: CMakeFiles/object.dir/src/ObjectDetNode.cpp.o] Error 1
[26.590s] gmake[1]: *** [CMakeFiles/Makefile2:165: CMakeFiles/object.dir/all] Error 2
[26.590s] gmake: *** [Makefile:146: all] Error 2
[26.597s] Invoked command in '/home/pi/CANOPS/build/my_main' returned '2': /usr/bin/cmake --build /home/pi/CANOPS/build/my_main -- -j4 -l4
