[35m[1mConsolidate compiler generated dependencies of target object[0m
[ 50%] Built target camera
[ 75%] [32mBuilding CXX object CMakeFiles/object.dir/src/ObjectDetNode.cpp.o[0m
[01m[K/home/pi/CANOPS/src/my_main/src/ObjectDetNode.cpp:[m[K In member function â€˜[01m[Kvoid HumanDetector::image_callback(sensor_msgs::msg::Image_<std::allocator<void> >::SharedPtr)[m[Kâ€™:
[01m[K/home/pi/CANOPS/src/my_main/src/ObjectDetNode.cpp:44:81:[m[K [01;31m[Kerror: [m[Kexpected â€˜[01m[K)[m[Kâ€™ before â€˜[01m[K;[m[Kâ€™ token
   44 |                     auto class_id = static_cast<int>(detectionMat.at<float>(i,2)[01;31m[K;[m[K
      |                                                                                 [01;31m[K^[m[K
gmake[2]: *** [CMakeFiles/object.dir/build.make:76: CMakeFiles/object.dir/src/ObjectDetNode.cpp.o] Error 1
gmake[1]: *** [CMakeFiles/Makefile2:165: CMakeFiles/object.dir/all] Error 2
gmake: *** [Makefile:146: all] Error 2
