[0.076s] Invoking command in '/home/pi/CANOPS/build/my_main': CMAKE_PREFIX_PATH=${CMAKE_PREFIX_PATH}:/opt/ros/humble /usr/bin/cmake --build /home/pi/CANOPS/build/my_main -- -j4 -l4
[0.255s] [35m[1mConsolidate compiler generated dependencies of target object[0m
[0.315s] [ 50%] Built target camera
[0.350s] [ 75%] [32mBuilding CXX object CMakeFiles/object.dir/src/ObjectDetNode.cpp.o[0m
[14.652s] In file included from [01m[K/opt/ros/humble/include/rclcpp/rclcpp/logging.hpp:24[m[K,
[14.653s]                  from [01m[K/opt/ros/humble/include/rclcpp/rclcpp/client.hpp:40[m[K,
[14.653s]                  from [01m[K/opt/ros/humble/include/rclcpp/rclcpp/callback_group.hpp:24[m[K,
[14.654s]                  from [01m[K/opt/ros/humble/include/rclcpp/rclcpp/any_executable.hpp:20[m[K,
[14.654s]                  from [01m[K/opt/ros/humble/include/rclcpp/rclcpp/memory_strategy.hpp:25[m[K,
[14.654s]                  from [01m[K/opt/ros/humble/include/rclcpp/rclcpp/memory_strategies.hpp:18[m[K,
[14.655s]                  from [01m[K/opt/ros/humble/include/rclcpp/rclcpp/executor_options.hpp:20[m[K,
[14.655s]                  from [01m[K/opt/ros/humble/include/rclcpp/rclcpp/executor.hpp:37[m[K,
[14.655s]                  from [01m[K/opt/ros/humble/include/rclcpp/rclcpp/executors/multi_threaded_executor.hpp:25[m[K,
[14.656s]                  from [01m[K/opt/ros/humble/include/rclcpp/rclcpp/executors.hpp:21[m[K,
[14.656s]                  from [01m[K/opt/ros/humble/include/rclcpp/rclcpp/rclcpp.hpp:155[m[K,
[14.657s]                  from [01m[K/home/pi/CANOPS/src/my_main/src/ObjectDetNode.cpp:3[m[K:
[14.657s] [01m[K/home/pi/CANOPS/src/my_main/src/ObjectDetNode.cpp:[m[K In member function â€˜[01m[Kvoid HumanDetector::image_callback(sensor_msgs::msg::Image_<std::allocator<void> >::SharedPtr)[m[Kâ€™:
[14.657s] [01m[K/home/pi/CANOPS/src/my_main/src/ObjectDetNode.cpp:44:53:[m[K [01;31m[Kerror: [m[Kcannot convert â€˜[01m[Kfloat[m[Kâ€™ to â€˜[01m[Kconst char*[m[Kâ€™
[14.658s]    44 |                     RCLCPP_INFO(this->get_logger(), [01;31m[Kconfidence[m[K);
[14.658s]       |                                                     [01;31m[K^~~~~~~~~~[m[K
[14.658s]       |                                                     [01;31m[K|[m[K
[14.659s]       |                                                     [01;31m[Kfloat[m[K
[14.659s] In file included from [01m[K/opt/ros/humble/include/rmw/rmw/types.h:28[m[K,
[14.659s]                  from [01m[K/opt/ros/humble/include/rcl/rcl/types.h:20[m[K,
[14.660s]                  from [01m[K/opt/ros/humble/include/rcl/rcl/log_level.h:22[m[K,
[14.660s]                  from [01m[K/opt/ros/humble/include/rcl/rcl/arguments.h:21[m[K,
[14.660s]                  from [01m[K/opt/ros/humble/include/rcl/rcl/context.h:28[m[K,
[14.661s]                  from [01m[K/opt/ros/humble/include/rcl/rcl/guard_condition.h:26[m[K,
[14.661s]                  from [01m[K/opt/ros/humble/include/rclcpp/rclcpp/executor.hpp:30[m[K,
[14.662s]                  from [01m[K/opt/ros/humble/include/rclcpp/rclcpp/executors/multi_threaded_executor.hpp:25[m[K,
[14.662s]                  from [01m[K/opt/ros/humble/include/rclcpp/rclcpp/executors.hpp:21[m[K,
[14.662s]                  from [01m[K/opt/ros/humble/include/rclcpp/rclcpp/rclcpp.hpp:155[m[K,
[14.663s]                  from [01m[K/home/pi/CANOPS/src/my_main/src/ObjectDetNode.cpp:3[m[K:
[14.663s] [01m[K/opt/ros/humble/include/rcutils/rcutils/logging.h:479:16:[m[K [01;36m[Knote: [m[K  initializing argument 4 of â€˜[01m[Kvoid rcutils_log(const rcutils_log_location_t*, int, const char*, const char*, ...)[m[Kâ€™
[14.664s]   479 |   [01;36m[Kconst char * format[m[K,
[14.664s]       |   [01;36m[K~~~~~~~~~~~~~^~~~~~[m[K
[24.950s] gmake[2]: *** [CMakeFiles/object.dir/build.make:76: CMakeFiles/object.dir/src/ObjectDetNode.cpp.o] Error 1
[24.951s] gmake[1]: *** [CMakeFiles/Makefile2:165: CMakeFiles/object.dir/all] Error 2
[24.952s] gmake: *** [Makefile:146: all] Error 2
[24.958s] Invoked command in '/home/pi/CANOPS/build/my_main' returned '2': CMAKE_PREFIX_PATH=${CMAKE_PREFIX_PATH}:/opt/ros/humble /usr/bin/cmake --build /home/pi/CANOPS/build/my_main -- -j4 -l4
